android/app/build/intermediates/manifest_merge_blame_file/debug/manifest-merger-blame-debug-report.txt
1<?xml version="1.0" encoding="utf-8"?>
2<manifest xmlns:android="http://schemas.android.com/apk/res/android"
3    xmlns:dist="http://schemas.android.com/apk/distribution"
4    package="com.example.qrmata"
5    android:versionCode="1"
6    android:versionName="1.0" >
7
8    <uses-sdk
9        android:minSdkVersion="28"
9-->src/main/AndroidManifest.xml
10        android:targetSdkVersion="29" />
10-->src/main/AndroidManifest.xml
11
12    <dist:module dist:instant="true" />
12-->src/main/AndroidManifest.xml:6:5-40
12-->src/main/AndroidManifest.xml:6:18-37
13
14    <uses-permission android:name="android.permission.CAMERA" />
14-->src/main/AndroidManifest.xml:8:5-65
14-->src/main/AndroidManifest.xml:8:22-62
15    <uses-permission android:name="android.permission.INTERNET" />
15-->src/main/AndroidManifest.xml:9:5-67
15-->src/main/AndroidManifest.xml:9:22-64
16    <uses-permission android:name="android.permission.WRITE_EXTERNAL_STORAGE" />
16-->src/main/AndroidManifest.xml:10:5-81
16-->src/main/AndroidManifest.xml:10:22-78
17    <uses-permission android:name="android.permission.READ_EXTERNAL_STORAGE" />
17-->src/main/AndroidManifest.xml:11:5-80
17-->src/main/AndroidManifest.xml:11:22-77
18
19    <uses-feature
19-->src/main/AndroidManifest.xml:14:5-16:35
20        android:name="android.hardware.camera"
20-->src/main/AndroidManifest.xml:15:9-47
21        android:required="true" />
21-->src/main/AndroidManifest.xml:16:9-32
22    <uses-feature
22-->src/main/AndroidManifest.xml:17:5-19:35
23        android:name="android.hardware.camera.autofocus"
23-->src/main/AndroidManifest.xml:18:9-57
24        android:required="true" />
24-->src/main/AndroidManifest.xml:19:9-32
25
26    <uses-permission android:name="android.permission.ACCESS_NETWORK_STATE" />
26-->[com.google.firebase:firebase-config:19.0.0] AndroidManifest.xml:25:5-79
26-->[com.google.firebase:firebase-config:19.0.0] AndroidManifest.xml:25:22-76
27    <uses-permission android:name="android.permission.WAKE_LOCK" /> <!-- Required by older versions of Google Play services to create IID tokens -->
27-->[com.google.firebase:firebase-iid:19.0.0] AndroidManifest.xml:24:5-68
27-->[com.google.firebase:firebase-iid:19.0.0] AndroidManifest.xml:24:22-65
28    <uses-permission android:name="com.google.android.c2dm.permission.RECEIVE" />
28-->[com.google.firebase:firebase-iid:19.0.0] AndroidManifest.xml:26:5-82
28-->[com.google.firebase:firebase-iid:19.0.0] AndroidManifest.xml:26:22-79
29
30    <application
30-->src/main/AndroidManifest.xml:22:5-62:19
31        android:allowBackup="true"
31-->src/main/AndroidManifest.xml:23:9-35
32        android:appComponentFactory="androidx.core.app.CoreComponentFactory"
32-->[androidx.core:core:1.1.0] AndroidManifest.xml:24:18-86
33        android:debuggable="true"
34        android:icon="@mipmap/ic_launcher"
34-->src/main/AndroidManifest.xml:24:9-43
35        android:label="@string/app_name"
35-->src/main/AndroidManifest.xml:25:9-41
36        android:roundIcon="@mipmap/ic_launcher_round"
36-->src/main/AndroidManifest.xml:26:9-54
37        android:supportsRtl="true"
37-->src/main/AndroidManifest.xml:27:9-35
38        android:theme="@style/AppTheme" >
38-->src/main/AndroidManifest.xml:28:9-40
39        <activity android:name="com.example.qrmata.Activities.ScanActivity" />
39-->src/main/AndroidManifest.xml:29:9-70
39-->src/main/AndroidManifest.xml:29:19-58
40        <activity android:name="com.example.qrmata.Activities.LoginActivity" />
40-->src/main/AndroidManifest.xml:30:9-62
40-->src/main/AndroidManifest.xml:30:19-59
41        <activity android:name="com.example.qrmata.Activities.LocationActivity" />
41-->src/main/AndroidManifest.xml:31:9-65
41-->src/main/AndroidManifest.xml:31:19-62
42        <activity
42-->src/main/AndroidManifest.xml:32:9-41:20
43            android:name="com.example.qrmata.Splash.Splash"
43-->src/main/AndroidManifest.xml:33:13-42
44            android:screenOrientation="portrait"
44-->src/main/AndroidManifest.xml:34:13-49
45            android:theme="@style/Theme.AppCompat.NoActionBar" >
45-->src/main/AndroidManifest.xml:35:13-63
46            <intent-filter>
46-->src/main/AndroidManifest.xml:36:13-40:29
47                <action android:name="android.intent.action.MAIN" />
47-->src/main/AndroidManifest.xml:37:17-69
47-->src/main/AndroidManifest.xml:37:25-66
48
49                <category android:name="android.intent.category.LAUNCHER" />
49-->src/main/AndroidManifest.xml:39:17-77
49-->src/main/AndroidManifest.xml:39:27-74
50            </intent-filter>
51        </activity>
52
53        <meta-data
53-->src/main/AndroidManifest.xml:47:9-50:21
54            android:name="com.google.firebase.ml.vision.DEPENDENCIES"
54-->src/main/AndroidManifest.xml:48:13-70
55            android:value="ocr, face, barcode, label" >
55-->src/main/AndroidManifest.xml:49:13-54
56        </meta-data>
57
58        <provider
59            android:name="androidx.core.content.FileProvider"
59-->src/main/AndroidManifest.xml:53:13-62
60            android:authorities="com.example.qrmata.provider"
60-->src/main/AndroidManifest.xml:54:13-60
61            android:exported="false"
61-->src/main/AndroidManifest.xml:55:13-37
62            android:grantUriPermissions="true" >
62-->src/main/AndroidManifest.xml:56:13-47
63            <meta-data
63-->src/main/AndroidManifest.xml:57:13-59:58
64                android:name="android.support.FILE_PROVIDER_PATHS"
64-->src/main/AndroidManifest.xml:58:17-67
65                android:resource="@xml/provider_paths" />
65-->src/main/AndroidManifest.xml:59:17-55
66        </provider>
67
68        <service
68-->[com.google.firebase:firebase-ml-vision:23.0.0] AndroidManifest.xml:9:9-15:19
69            android:name="com.google.firebase.components.ComponentDiscoveryService"
69-->[com.google.firebase:firebase-ml-vision:23.0.0] AndroidManifest.xml:10:13-84
70            android:exported="false" >
70-->[com.google.firebase:firebase-ml-vision:23.0.0] AndroidManifest.xml:11:13-37
71            <meta-data
71-->[com.google.firebase:firebase-ml-vision:23.0.0] AndroidManifest.xml:12:13-14:85
72                android:name="com.google.firebase.components:com.google.firebase.ml.vision.VisionRegistrar"
72-->[com.google.firebase:firebase-ml-vision:23.0.0] AndroidManifest.xml:13:17-108
73                android:value="com.google.firebase.components.ComponentRegistrar" />
73-->[com.google.firebase:firebase-ml-vision:23.0.0] AndroidManifest.xml:14:17-82
74            <meta-data
74-->[com.google.firebase:firebase-ml-model-interpreter:21.0.0] AndroidManifest.xml:12:13-14:85
75                android:name="com.google.firebase.components:com.google.firebase.ml.custom.CustomModelRegistrar"
75-->[com.google.firebase:firebase-ml-model-interpreter:21.0.0] AndroidManifest.xml:13:17-113
76                android:value="com.google.firebase.components.ComponentRegistrar" />
76-->[com.google.firebase:firebase-ml-model-interpreter:21.0.0] AndroidManifest.xml:14:17-82
77            <meta-data
77-->[com.google.firebase:firebase-ml-natural-language-smart-reply-model:20.0.6] AndroidManifest.xml:26:13-28:85
78                android:name="com.google.firebase.components:com.google.android.gms.predictondevice.component.SmartReplyComponentRegistrar"
78-->[com.google.firebase:firebase-ml-natural-language-smart-reply-model:20.0.6] AndroidManifest.xml:27:17-140
79                android:value="com.google.firebase.components.ComponentRegistrar" />
79-->[com.google.firebase:firebase-ml-natural-language-smart-reply-model:20.0.6] AndroidManifest.xml:28:17-82
80            <meta-data
80-->[com.google.firebase:firebase-ml-natural-language:21.0.3] AndroidManifest.xml:12:13-14:85
81                android:name="com.google.firebase.components:com.google.firebase.ml.naturallanguage.NaturalLanguageRegistrar"
81-->[com.google.firebase:firebase-ml-natural-language:21.0.3] AndroidManifest.xml:13:17-126
82                android:value="com.google.firebase.components.ComponentRegistrar" />
82-->[com.google.firebase:firebase-ml-natural-language:21.0.3] AndroidManifest.xml:14:17-82
83            <meta-data
83-->[com.google.firebase:firebase-ml-natural-language-translate:21.0.2] AndroidManifest.xml:12:13-14:85
84                android:name="com.google.firebase.components:com.google.firebase.ml.naturallanguage.translate.NaturalLanguageTranslateRegistrar"
84-->[com.google.firebase:firebase-ml-natural-language-translate:21.0.2] AndroidManifest.xml:13:17-145
85                android:value="com.google.firebase.components.ComponentRegistrar" />
85-->[com.google.firebase:firebase-ml-natural-language-translate:21.0.2] AndroidManifest.xml:14:17-82
86            <meta-data
86-->[com.google.firebase:firebase-ml-common:21.0.0] AndroidManifest.xml:11:13-13:85
87                android:name="com.google.firebase.components:com.google.firebase.ml.common.CommonComponentRegistrar"
87-->[com.google.firebase:firebase-ml-common:21.0.0] AndroidManifest.xml:12:17-117
88                android:value="com.google.firebase.components.ComponentRegistrar" />
88-->[com.google.firebase:firebase-ml-common:21.0.0] AndroidManifest.xml:13:17-82
89            <meta-data
89-->[com.google.firebase:firebase-config:19.0.0] AndroidManifest.xml:32:13-34:85
90                android:name="com.google.firebase.components:com.google.firebase.remoteconfig.RemoteConfigRegistrar"
90-->[com.google.firebase:firebase-config:19.0.0] AndroidManifest.xml:33:17-117
91                android:value="com.google.firebase.components.ComponentRegistrar" />
91-->[com.google.firebase:firebase-config:19.0.0] AndroidManifest.xml:34:17-82
92            <meta-data
92-->[com.google.firebase:firebase-iid:19.0.0] AndroidManifest.xml:32:13-34:85
93                android:name="com.google.firebase.components:com.google.firebase.iid.Registrar"
93-->[com.google.firebase:firebase-iid:19.0.0] AndroidManifest.xml:33:17-96
94                android:value="com.google.firebase.components.ComponentRegistrar" />
94-->[com.google.firebase:firebase-iid:19.0.0] AndroidManifest.xml:34:17-82
95            <meta-data
95-->[com.google.firebase:firebase-abt:19.0.0] AndroidManifest.xml:13:13-15:85
96                android:name="com.google.firebase.components:com.google.firebase.abt.component.AbtRegistrar"
96-->[com.google.firebase:firebase-abt:19.0.0] AndroidManifest.xml:14:17-109
97                android:value="com.google.firebase.components.ComponentRegistrar" />
97-->[com.google.firebase:firebase-abt:19.0.0] AndroidManifest.xml:15:17-82
98        </service>
99
100        <receiver
100-->[com.google.firebase:firebase-iid:19.0.0] AndroidManifest.xml:37:9-44:20
101            android:name="com.google.firebase.iid.FirebaseInstanceIdReceiver"
101-->[com.google.firebase:firebase-iid:19.0.0] AndroidManifest.xml:38:13-78
102            android:exported="true"
102-->[com.google.firebase:firebase-iid:19.0.0] AndroidManifest.xml:39:13-36
103            android:permission="com.google.android.c2dm.permission.SEND" >
103-->[com.google.firebase:firebase-iid:19.0.0] AndroidManifest.xml:40:13-73
104            <intent-filter>
104-->[com.google.firebase:firebase-iid:19.0.0] AndroidManifest.xml:41:13-43:29
105                <action android:name="com.google.android.c2dm.intent.RECEIVE" />
105-->[com.google.firebase:firebase-iid:19.0.0] AndroidManifest.xml:42:17-81
105-->[com.google.firebase:firebase-iid:19.0.0] AndroidManifest.xml:42:25-78
106            </intent-filter>
107        </receiver>
108
109        <activity
109-->[com.google.android.gms:play-services-base:17.0.0] AndroidManifest.xml:23:9-26:75
110            android:name="com.google.android.gms.common.api.GoogleApiActivity"
110-->[com.google.android.gms:play-services-base:17.0.0] AndroidManifest.xml:24:13-79
111            android:exported="false"
111-->[com.google.android.gms:play-services-base:17.0.0] AndroidManifest.xml:25:13-37
112            android:theme="@android:style/Theme.Translucent.NoTitleBar" />
112-->[com.google.android.gms:play-services-base:17.0.0] AndroidManifest.xml:26:13-72
113
114        <provider
114-->[com.google.firebase:firebase-common:19.0.0] AndroidManifest.xml:12:9-16:39
115            android:name="com.google.firebase.provider.FirebaseInitProvider"
115-->[com.google.firebase:firebase-common:19.0.0] AndroidManifest.xml:13:13-77
116            android:authorities="com.example.qrmata.firebaseinitprovider"
116-->[com.google.firebase:firebase-common:19.0.0] AndroidManifest.xml:14:13-72
117            android:exported="false"
117-->[com.google.firebase:firebase-common:19.0.0] AndroidManifest.xml:15:13-37
118            android:initOrder="100" />
118-->[com.google.firebase:firebase-common:19.0.0] AndroidManifest.xml:16:13-36
119
120        <meta-data
120-->[com.google.android.gms:play-services-basement:17.0.0] AndroidManifest.xml:23:9-25:69
121            android:name="com.google.android.gms.version"
121-->[com.google.android.gms:play-services-basement:17.0.0] AndroidManifest.xml:24:13-58
122            android:value="@integer/google_play_services_version" />
122-->[com.google.android.gms:play-services-basement:17.0.0] AndroidManifest.xml:25:13-66
123    </application>
124
125</manifest>